<?xml version="1.0" encoding="UTF-8"?>
<!-- Generated by org.testng.reporters.JUnitReportReporter -->
<testsuite skipped="0" hostname="cdxn-IT020499" name="launchpadBC.testcases.Regression.VSTS_Admin_TestCatalogueEntry_11421" tests="1" failures="0" timestamp="26 Jan 2019 00:22:02 GMT" time="67.070" errors="0">
  <testcase name="verifyTestCatalougeSuccessMsg" time="67.070" classname="launchpadBC.testcases.Regression.VSTS_Admin_TestCatalogueEntry_11421"/>
</testsuite> <!-- launchpadBC.testcases.Regression.VSTS_Admin_TestCatalogueEntry_11421 -->
