<?xml version="1.0" encoding="UTF-8"?>
<!-- Generated by org.testng.reporters.JUnitReportReporter -->
<testsuite skipped="0" hostname="CDXN-IT024116" name="launchpadBC.testcases.QA.VSTS_11427_QA" tests="1" failures="0" timestamp="19 Dec 2019 21:23:41 GMT" time="27.617" errors="0">
  <testcase name="testmodals" time="27.617" classname="launchpadBC.testcases.QA.VSTS_11427_QA"/>
</testsuite> <!-- launchpadBC.testcases.QA.VSTS_11427_QA -->
