<?xml version="1.0" encoding="UTF-8"?>
<!-- Generated by org.testng.reporters.JUnitReportReporter -->
<testsuite skipped="0" hostname="cdxn-IT020499" name="launchpadBC.testcases.VSTS_11439" tests="1" failures="0" timestamp="06 Sep 2018 21:45:15 GMT" time="44.199" errors="0">
  <testcase name="filterByTest" time="44.199" classname="launchpadBC.testcases.VSTS_11439"/>
</testsuite> <!-- launchpadBC.testcases.VSTS_11439 -->
