<?xml version="1.0" encoding="UTF-8"?>
<!-- Generated by org.testng.reporters.JUnitReportReporter -->
<testsuite skipped="0" hostname="cdxn-IT020499" name="launchpadBC.testcases.Regression.VSTS_FilterByTestSection_11255" tests="1" failures="0" timestamp="06 Jul 2018 23:25:53 GMT" time="33.221" errors="0">
  <testcase name="filterByTest" time="33.221" classname="launchpadBC.testcases.Regression.VSTS_FilterByTestSection_11255"/>
</testsuite> <!-- launchpadBC.testcases.Regression.VSTS_FilterByTestSection_11255 -->
