<?xml version="1.0" encoding="UTF-8"?>
<!-- Generated by org.testng.reporters.JUnitReportReporter -->
<testsuite skipped="1" hostname="CDXN-IT024116" name="launchpadBC.testcases.QA.VSTS_10318_QA" tests="1" failures="0" timestamp="18 Dec 2019 04:16:41 GMT" time="0.000" errors="0">
  <testcase name="testmodals" time="0.000" classname="launchpadBC.testcases.QA.VSTS_10318_QA">
    <skipped/>
  </testcase> <!-- testmodals -->
</testsuite> <!-- launchpadBC.testcases.QA.VSTS_10318_QA -->
