<?xml version="1.0" encoding="UTF-8"?>
<!-- Generated by org.testng.reporters.JUnitReportReporter -->
<testsuite skipped="0" hostname="cdxn-IT020499" name="launchpadBC.testcases.VSTS_11419" tests="1" failures="0" timestamp="31 Jan 2019 20:48:33 GMT" time="21.840" errors="0">
  <testcase name="verifyLinksPhysicianPage" time="21.840" classname="launchpadBC.testcases.VSTS_11419"/>
</testsuite> <!-- launchpadBC.testcases.VSTS_11419 -->
