<?xml version="1.0" encoding="UTF-8"?>
<!-- Generated by org.testng.reporters.JUnitReportReporter -->
<testsuite skipped="1" hostname="cdxn-IT020499" name="launchpadBC.testcases.Regression.VSTS_FilterByAbnormal_11442" tests="1" failures="0" timestamp="25 Jan 2019 23:32:32 GMT" time="0.000" errors="0">
  <testcase name="filterByTest" time="0.000" classname="launchpadBC.testcases.Regression.VSTS_FilterByAbnormal_11442">
    <skipped/>
  </testcase> <!-- filterByTest -->
</testsuite> <!-- launchpadBC.testcases.Regression.VSTS_FilterByAbnormal_11442 -->
