<?xml version="1.0" encoding="UTF-8"?>
<!-- Generated by org.testng.reporters.JUnitReportReporter -->
<testsuite skipped="0" hostname="cdxn-IT020499" name="launchpadBC.testcases.Regression.VSTS_Admin_UserEntry_11418" tests="1" failures="0" timestamp="14 Aug 2018 17:56:37 GMT" time="26.918" errors="0">
  <testcase name="verifySearchEntry" time="26.918" classname="launchpadBC.testcases.Regression.VSTS_Admin_UserEntry_11418"/>
</testsuite> <!-- launchpadBC.testcases.Regression.VSTS_Admin_UserEntry_11418 -->
