<?xml version="1.0" encoding="UTF-8"?>
<!-- Generated by org.testng.reporters.JUnitReportReporter -->
<testsuite skipped="0" hostname="cdxn-IT020499" name="launchpadBC.testcases.Regression.VSTS_FilterByPatient_11438" tests="1" failures="0" timestamp="12 Jul 2018 20:49:45 GMT" time="49.940" errors="0">
  <testcase name="filterByTest" time="49.940" classname="launchpadBC.testcases.Regression.VSTS_FilterByPatient_11438"/>
</testsuite> <!-- launchpadBC.testcases.Regression.VSTS_FilterByPatient_11438 -->
