<?xml version="1.0" encoding="UTF-8"?>
<!-- Generated by org.testng.reporters.JUnitReportReporter -->
<testsuite skipped="1" hostname="cdxn-IT020499" name="launchpadBC.testcases.Regression.VSTS_AuditReport_BCCA_17675" tests="1" failures="0" timestamp="25 Oct 2018 16:02:25 GMT" time="0.000" errors="0">
  <testcase name="CreateMOAUser" time="0.000" classname="launchpadBC.testcases.Regression.VSTS_AuditReport_BCCA_17675">
    <skipped/>
  </testcase> <!-- CreateMOAUser -->
</testsuite> <!-- launchpadBC.testcases.Regression.VSTS_AuditReport_BCCA_17675 -->
