<?xml version="1.0" encoding="UTF-8"?>
<!-- Generated by org.testng.reporters.JUnitReportReporter -->
<testsuite skipped="0" hostname="cdxn-IT020499" name="launchpadBC.testcases.Regression.VSTS_UserUpdatePrintPreference_11773" tests="1" failures="0" timestamp="15 Jan 2019 21:31:15 GMT" time="27.055" errors="0">
  <testcase name="testmodals" time="27.055" classname="launchpadBC.testcases.Regression.VSTS_UserUpdatePrintPreference_11773"/>
</testsuite> <!-- launchpadBC.testcases.Regression.VSTS_UserUpdatePrintPreference_11773 -->
