<?xml version="1.0" encoding="UTF-8"?>
<!-- Generated by org.testng.reporters.JUnitReportReporter -->
<testsuite skipped="0" hostname="cdxn-IT020499" name="launchpadBC.testcases.Regression.VSTS_Admin_ModifyProfile_19324" tests="1" failures="0" timestamp="25 Oct 2018 17:11:43 GMT" time="20.190" errors="0">
  <testcase name="hl7Upload" time="20.190" classname="launchpadBC.testcases.Regression.VSTS_Admin_ModifyProfile_19324"/>
</testsuite> <!-- launchpadBC.testcases.Regression.VSTS_Admin_ModifyProfile_19324 -->
