<?xml version="1.0" encoding="UTF-8"?>
<!-- Generated by org.testng.reporters.JUnitReportReporter -->
<testsuite skipped="0" hostname="cdxn-IT020499" name="launchpadBC.testcases.Regression.VSTS_Admin_MyEHealthPatientMapping_11425" tests="1" failures="0" timestamp="26 Jan 2019 00:22:02 GMT" time="36.685" errors="0">
  <testcase name="testmodals" time="36.685" classname="launchpadBC.testcases.Regression.VSTS_Admin_MyEHealthPatientMapping_11425"/>
</testsuite> <!-- launchpadBC.testcases.Regression.VSTS_Admin_MyEHealthPatientMapping_11425 -->
