<?xml version="1.0" encoding="UTF-8"?>
<!-- Generated by org.testng.reporters.JUnitReportReporter -->
<testsuite skipped="0" hostname="cdxn-IT020499" name="launchpadBC.testcases.Regression.VSTS_Admin_StandardizedTestEntry_11422" tests="1" failures="0" timestamp="26 Jan 2019 00:22:02 GMT" time="25.717" errors="0">
  <testcase name="validateLOINCvalue" time="25.717" classname="launchpadBC.testcases.Regression.VSTS_Admin_StandardizedTestEntry_11422"/>
</testsuite> <!-- launchpadBC.testcases.Regression.VSTS_Admin_StandardizedTestEntry_11422 -->
